================================Erreur de script================================
Message :
uninitialized constant Yuki::Sw::QuestBook

Type : NameError
Script : 0 Systems/001 Ark_Menu/110 ArkMenu.rb (user)
Ligne : 258
Date : 30/03/2026 22:11:32
Game Version : 256
Logiciel : PSDK 26.54
===================================Backtraces===================================
[22] : 0 Systems/001 Ark_Menu/110 ArkMenu.rb (user) | ligne 258 <class:ArkMenu>
[21] : 0 Systems/001 Ark_Menu/110 ArkMenu.rb (user) | ligne 155 map
[20] : 0 Systems/001 Ark_Menu/110 ArkMenu.rb (user) | ligne 155 init_conditions
[19] : 0 Systems/001 Ark_Menu/110 ArkMenu.rb (user) | ligne 17 initialize
[18] : 4 Systems/000 General/2 GamePlay__Base/000 GamePlay__Base.rb (PSDK) | ligne 195 new
[17] : 4 Systems/000 General/2 GamePlay__Base/000 GamePlay__Base.rb (PSDK) | ligne 195 call_scene
[16] : 4 Systems/000 General/100 GamePlay.rb (PSDK) | ligne 23 open_menu
[15] : 4 Systems/003 Map Engine/3 GamePlay/201 Scene_Map calling.rb (PSDK) | ligne 157 call_menu
[14] : 4 Systems/003 Map Engine/3 GamePlay/201 Scene_Map calling.rb (PSDK) | ligne 68 update_scene_calling
[13] : 4 Systems/003 Map Engine/3 GamePlay/201 Scene_Map calling.rb (PSDK) | ligne 66 each
[12] : 4 Systems/003 Map Engine/3 GamePlay/201 Scene_Map calling.rb (PSDK) | ligne 66 update_scene_calling
[11] : 4 Systems/003 Map Engine/3 GamePlay/200 Scene_Map.rb (PSDK) | ligne 26 update
[10] : 4 Systems/000 General/2 GamePlay__Base/000 GamePlay__Base.rb (PSDK) | ligne 268 main_process
[9] : 4 Systems/000 General/2 GamePlay__Base/000 GamePlay__Base.rb (PSDK) | ligne 158 main
[8] : tools/GameLoader/Z_main.rb (PSDK) | ligne 16 <top (required)>
[7] : tools/GameLoader/3_load_extensions.rb (PSDK) | ligne 53 rgss_main
[6] : tools/GameLoader/50_load_game_uncompiled.rb (PSDK) | ligne 53 <top (required)>
[5] : ScriptLoad.rb (PSDK) | ligne 198 require
[4] : ScriptLoad.rb (PSDK) | ligne 198 load_tool
[3] : tools/GameLoader/Z_load_uncompiled.rb (PSDK) | ligne 17 <top (required)>
[2] : ScriptLoad.rb (PSDK) | ligne 198 require
[1] : ScriptLoad.rb (PSDK) | ligne 198 load_tool
[0] : Game.rb (RMXP) | ligne 11 <main>
===================================Fin du log===================================